0 info it worked if it ends with ok
1 verbose cli [ '/Users/eliaspinto/.nvm/versions/node/v6.10.0/bin/node',
1 verbose cli   '/Users/eliaspinto/.nvm/versions/node/v6.10.0/bin/npm',
1 verbose cli   'run',
1 verbose cli   'prebuild' ]
2 info using npm@3.10.10
3 info using node@v6.10.0
4 verbose run-script [ 'prebuild' ]
5 info lifecycle cwg-front@1.0.0~prebuild: cwg-front@1.0.0
6 verbose lifecycle cwg-front@1.0.0~prebuild: unsafe-perm in lifecycle true
7 verbose lifecycle cwg-front@1.0.0~prebuild: PATH: /Users/eliaspinto/.nvm/versions/node/v6.10.0/lib/node_modules/npm/bin/node-gyp-bin:/Users/eliaspinto/Desktop/cwg/cwg-front/node_modules/.bin:/Users/eliaspinto/.nvm/versions/node/v6.10.0/bin:/usr/local/var/rbenv/shims:/Users/eliaspinto/.rbenv/bin:/usr/local/bin:/usr/local/sbin:/Applications/MAMP/bin/php/php5.6.10/bin:/Applications/MAMP/Library/bin:/Users/eliaspinto/Documents/apache-maven-3.3.3/bin:/usr/local/bin:/usr/bin:/bin:/usr/sbin:/sbin:/usr/local/git/bin
8 verbose lifecycle cwg-front@1.0.0~prebuild: CWD: /Users/eliaspinto/Desktop/cwg/cwg-front
9 silly lifecycle cwg-front@1.0.0~prebuild: Args: [ '-c', 'babel-node builder_scripts/prebuild' ]
10 silly lifecycle cwg-front@1.0.0~prebuild: Returned: code: 1  signal: null
11 info lifecycle cwg-front@1.0.0~prebuild: Failed to exec prebuild script
12 verbose stack Error: cwg-front@1.0.0 prebuild: `babel-node builder_scripts/prebuild`
12 verbose stack Exit status 1
12 verbose stack     at EventEmitter.<anonymous> (/Users/eliaspinto/.nvm/versions/node/v6.10.0/lib/node_modules/npm/lib/utils/lifecycle.js:255:16)
12 verbose stack     at emitTwo (events.js:106:13)
12 verbose stack     at EventEmitter.emit (events.js:191:7)
12 verbose stack     at ChildProcess.<anonymous> (/Users/eliaspinto/.nvm/versions/node/v6.10.0/lib/node_modules/npm/lib/utils/spawn.js:40:14)
12 verbose stack     at emitTwo (events.js:106:13)
12 verbose stack     at ChildProcess.emit (events.js:191:7)
12 verbose stack     at maybeClose (internal/child_process.js:877:16)
12 verbose stack     at Process.ChildProcess._handle.onexit (internal/child_process.js:226:5)
13 verbose pkgid cwg-front@1.0.0
14 verbose cwd /Users/eliaspinto/Desktop/cwg/cwg-front
15 error Darwin 15.0.0
16 error argv "/Users/eliaspinto/.nvm/versions/node/v6.10.0/bin/node" "/Users/eliaspinto/.nvm/versions/node/v6.10.0/bin/npm" "run" "prebuild"
17 error node v6.10.0
18 error npm  v3.10.10
19 error code ELIFECYCLE
20 error cwg-front@1.0.0 prebuild: `babel-node builder_scripts/prebuild`
20 error Exit status 1
21 error Failed at the cwg-front@1.0.0 prebuild script 'babel-node builder_scripts/prebuild'.
21 error Make sure you have the latest version of node.js and npm installed.
21 error If you do, this is most likely a problem with the cwg-front package,
21 error not with npm itself.
21 error Tell the author that this fails on your system:
21 error     babel-node builder_scripts/prebuild
21 error You can get information on how to open an issue for this project with:
21 error     npm bugs cwg-front
21 error Or if that isn't available, you can get their info via:
21 error     npm owner ls cwg-front
21 error There is likely additional logging output above.
22 verbose exit [ 1, true ]
